<?xml version="1.0" encoding="UTF-8"?>
<testng-results ignored="0" total="1" passed="1" failed="0" skipped="0">
  <reporter-output>
  </reporter-output>
  <suite started-at="2026-09-11T17:33:19 IST" name="Default suite" finished-at="2026-09-11T17:33:30 IST" duration-ms="10639">
    <groups>
    </groups>
    <test started-at="2026-09-11T17:33:19 IST" name="Default test" finished-at="2026-09-11T17:33:30 IST" duration-ms="10639">
      <class name="tests.LogInTest">
        <test-method is-config="true" signature="setUp()[pri:0, instance:tests.LogInTest@6574a52c]" started-at="2026-09-11T17:33:19 IST" name="setUp" finished-at="2026-09-11T17:33:22 IST" duration-ms="3056" status="PASS">
          <reporter-output>
          </reporter-output>
        </test-method> <!-- setUp -->
        <test-method signature="testValidLogIn()[pri:0, instance:tests.LogInTest@6574a52c]" started-at="2026-09-11T17:33:22 IST" name="testValidLogIn" finished-at="2026-09-11T17:33:29 IST" duration-ms="7204" status="PASS">
          <reporter-output>
          </reporter-output>
        </test-method> <!-- testValidLogIn -->
        <test-method is-config="true" signature="tearDown()[pri:0, instance:tests.LogInTest@6574a52c]" started-at="2026-09-11T17:33:30 IST" name="tearDown" finished-at="2026-09-11T17:33:30 IST" duration-ms="330" status="PASS">
          <reporter-output>
          </reporter-output>
        </test-method> <!-- tearDown -->
      </class> <!-- tests.LogInTest -->
    </test> <!-- Default test -->
  </suite> <!-- Default suite -->
</testng-results>
